<?xml version="1.0" encoding="UTF-8"?>
<!-- Generated by org.testng.reporters.JUnitXMLReporter -->
<testsuite ignored="0" hostname="Justin-HP" failures="1" tests="3" name="AlertsTests" time="23.081" errors="0" timestamp="17 lip 2023 11:41:15 GMT">
  <testcase classname="com.herokuapp.theinternet.alertstests.AlertsTests" name="jsAlertTest" time="3.76"/>
  <testcase classname="com.herokuapp.theinternet.alertstests.AlertsTests" name="jsDismissTest" time="3.71"/>
  <testcase classname="com.herokuapp.theinternet.alertstests.AlertsTests" name="jsPromptTest" time="1.678">
    <failure type="java.lang.AssertionError" message="The following asserts failed:
	Alert message is not expected. 
Should be &amp;apos;I am a JS prompt&amp;apos;, but it is &amp;apos;I am a JS prompt&amp;apos; expected [true] but found [false]">
      <![CDATA[java.lang.AssertionError: The following asserts failed:
Alert message is not expected. 
Should be 'I am a JS prompt', but it is 'I am a JS prompt' expected [true] but found [false]
at com.herokuapp.theinternet.alertstests.AlertsTests.jsPromptTest(AlertsTests.java:112)
at com.intellij.rt.testng.IDEARemoteTestNG.run(IDEARemoteTestNG.java:66)
at com.intellij.rt.testng.RemoteTestNGStarter.main(RemoteTestNGStarter.java:105)
... Removed 21 stack frames]]>
    </failure>
  </testcase> <!-- jsPromptTest -->
</testsuite> <!-- AlertsTests -->
